1645832927454	geckodriver	INFO	Listening on 127.0.0.1:56496
1645832930525	mozrunner::runner	INFO	Running command: "C:\\Program Files\\Mozilla Firefox\\firefox.exe" "--marionette" "-no-remote" "-profile" "C:\\Users\\KDK\\AppData\\Local\\Temp\\rust_mozprofileyMrmqS"
1645832930974	Marionette	INFO	Marionette enabled
console.warn: SearchSettings: "get: No settings file exists, new profile?" (new NotFoundError("Could not open the file at C:\\Users\\KDK\\AppData\\Local\\Temp\\rust_mozprofileyMrmqS\\search.json.mozlz4", (void 0)))
1645832933561	Marionette	INFO	Listening on port 56506
1645832933754	RemoteAgent	WARN	TLS certificate errors will be ignored for this session
JavaScript error: https://www.fischer.cz/vysledky-vyhledavani?tt=1&to=4312|4305|2682|4308&dd=2022-07-01&rd=2022-08-31&nn=7|8|9|10|11|12|13&ic1=1&ac1=2 line 457 > injectedScript, line 1: TypeError: google_tag_manager['GTM-L7NVR'].macro(...) is undefined
JavaScript warning: https://a.plerdy.com/public/js/click/main.js, line 1: unreachable code after return statement
JavaScript warning: https://a.plerdy.com/public/js/click/main.js, line 1: unreachable code after return statement
1645832940359	Marionette	INFO	Stopped listening on port 56506

###!!! [Child][PContentChild] Error: Send(msgname=PContent::Msg_InsertNewFocusActionId) Closed channel: cannot send/recv


###!!! [Child][PContentChild] Error: Send(msgname=PContent::Msg_InsertNewFocusActionId) Closed channel: cannot send/recv


###!!! [Child][PContentChild] Error: Send(msgname=PContent::Msg_RemoveDynEntriesFromActiveSessionHistoryEntry) Closed channel: cannot send/recv


###!!! [Child][PContentChild] Error: Send(msgname=PContent::Reply_DiscardBrowsingContext) Channel closing: too late to send/recv, messages will be lost


###!!! [Child][PContentChild] Error: Send(msgname=PContent::Msg_InsertNewFocusActionId) Closed channel: cannot send/recv


###!!! [Child][PContentChild] Error: Send(msgname=PContent::Msg_RemoveDynEntriesFromActiveSessionHistoryEntry) Closed channel: cannot send/recv


###!!! [Child][PContentChild] Error: Send(msgname=PContent::Msg_SynchronizeLayoutHistoryState) Closed channel: cannot send/recv


###!!! [Child][PContentChild] Error: Send(msgname=PContent::Msg_DiscardBrowsingContext) Closed channel: cannot send/recv


###!!! [Child][PContentChild] Error: Send(msgname=PContent::Msg_InsertNewFocusActionId) Closed channel: cannot send/recv


###!!! [Child][PContentChild] Error: Send(msgname=PContent::Msg_RemoveDynEntriesFromActiveSessionHistoryEntry) Closed channel: cannot send/recv


###!!! [Child][PContentChild] Error: Send(msgname=PContent::Msg_SynchronizeLayoutHistoryState) Closed channel: cannot send/recv


###!!! [Child][PContentChild] Error: Send(msgname=PContent::Msg_DiscardBrowsingContext) Closed channel: cannot send/recv


###!!! [Child][PContentChild] Error: Send(msgname=PContent::Msg_SynchronizeLayoutHistoryState) Closed channel: cannot send/recv


###!!! [Child][PContentChild] Error: Send(msgname=PContent::Msg_DiscardBrowsingContext) Closed channel: cannot send/recv


###!!! [Child][PContentChild] Error: Send(msgname=PContent::Msg_DiscardBrowsingContext) Closed channel: cannot send/recv


###!!! [Child][PContentChild] Error: Send(msgname=PContent::Msg_InsertNewFocusActionId) Closed channel: cannot send/recv


###!!! [Child][PContentChild] Error: Send(msgname=PContent::Msg_InsertNewFocusActionId) Closed channel: cannot send/recv


###!!! [Child][PContentChild] Error: Send(msgname=PContent::Msg_RemoveDynEntriesFromActiveSessionHistoryEntry) Closed channel: cannot send/recv


###!!! [Child][PContentChild] Error: Send(msgname=PContent::Msg_SynchronizeLayoutHistoryState) Closed channel: cannot send/recv


###!!! [Child][PContentChild] Error: Send(msgname=PContent::Msg_DiscardBrowsingContext) Closed channel: cannot send/recv


###!!! [Child][PContentChild] Error: Send(msgname=PContent::Msg_DiscardBrowsingContext) Closed channel: cannot send/recv


###!!! [Child][PContentChild] Error: Send(msgname=PContent::Msg_InsertNewFocusActionId) Closed channel: cannot send/recv


###!!! [Child][PContentChild] Error: Send(msgname=PContent::Msg_RemoveDynEntriesFromActiveSessionHistoryEntry) Closed channel: cannot send/recv


###!!! [Child][PContentChild] Error: Send(msgname=PContent::Msg_SynchronizeLayoutHistoryState) Closed channel: cannot send/recv


###!!! [Child][PContentChild] Error: Send(msgname=PContent::Msg_DiscardBrowsingContext) Closed channel: cannot send/recv


###!!! [Parent][PContentParent] Error: Send(msgname=PContent::Reply_DiscardBrowsingContext) Closed channel: cannot send/recv


###!!! [Parent][PContentParent] Error: Send(msgname=PContent::Reply_DiscardBrowsingContext) Closed channel: cannot send/recv


###!!! [Parent][PContentParent] Error: Send(msgname=PContent::Reply_DiscardBrowsingContext) Closed channel: cannot send/recv


###!!! [Parent][PContentParent] Error: Send(msgname=PContent::Reply_DiscardBrowsingContext) Closed channel: cannot send/recv


###!!! [Parent][PContentParent] Error: Send(msgname=PContent::Reply_DiscardBrowsingContext) Closed channel: cannot send/recv


###!!! [Parent][PContentParent] Error: Send(msgname=PContent::Reply_DiscardBrowsingContext) Closed channel: cannot send/recv


###!!! [Parent][PContentParent] Error: Send(msgname=PContent::Msg_DestroyBrowsingContextGroup) Closed channel: cannot send/recv


###!!! [Child][PContentChild] Error: RunMessage(msgname=PContent::Reply_DiscardBrowsingContext) Channel closing: too late to send/recv, messages will be lost

1645832950011	geckodriver	INFO	Listening on 127.0.0.1:56632
1645832953091	mozrunner::runner	INFO	Running command: "C:\\Program Files\\Mozilla Firefox\\firefox.exe" "--marionette" "-no-remote" "-profile" "C:\\Users\\KDK\\AppData\\Local\\Temp\\rust_mozprofilePX9c6J"
1645832953441	Marionette	INFO	Marionette enabled
console.warn: SearchSettings: "get: No settings file exists, new profile?" (new NotFoundError("Could not open the file at C:\\Users\\KDK\\AppData\\Local\\Temp\\rust_mozprofilePX9c6J\\search.json.mozlz4", (void 0)))
1645832955651	Marionette	INFO	Listening on port 56641
1645832955775	RemoteAgent	WARN	TLS certificate errors will be ignored for this session
JavaScript warning: https://a.plerdy.com/public/js/click/main.js, line 1: unreachable code after return statement
JavaScript warning: https://a.plerdy.com/public/js/click/main.js, line 1: unreachable code after return statement
JavaScript error: https://www.fischer.cz/vysledky-vyhledavani?DS=0&TT=0&D=790&DD=2022-05-01&RD=2022-06-30&ER=0&NN=7|8|9&AC1=2&KC1=0&IC1=0 line 457 > injectedScript, line 1: TypeError: google_tag_manager['GTM-L7NVR'].macro(...) is undefined
JavaScript error: https://www.fischer.cz/bundles/fischer/web?v=B_pIQNeCExRI9SGdRYY2szfaqb7z_uIiHSJtdRlv3u01, line 141: TypeError: o is undefined
JavaScript error: https://www.gstatic.com/recaptcha/releases/1B_yv3CBEV10KtI2HJ6eEXhJ/recaptcha__cs.js, line 731: SecurityError: Permission denied to access property "a-6jz13b5mce9y" on cross-origin object
JavaScript warning: https://a.plerdy.com/public/js/click/main.js, line 1: unreachable code after return statement
JavaScript warning: https://a.plerdy.com/public/js/click/main.js, line 1: unreachable code after return statement

###!!! [Child][PContentChild] Error: RunMessage(msgname=PContent::Reply_DiscardBrowsingContext) Channel closing: too late to send/recv, messages will be lost


###!!! [Child][PContentChild] Error: RunMessage(msgname=PContent::Reply_DiscardBrowsingContext) Channel closing: too late to send/recv, messages will be lost


###!!! [Child][PContentChild] Error: RunMessage(msgname=PContent::Reply_DiscardBrowsingContext) Channel closing: too late to send/recv, messages will be lost

JavaScript error: https://www.fischer.cz/vysledky-vyhledavani?DS=0&TT=0&D=1126|1129|826|1124|1128|623|1059|1118|1119|1121|741|735|618|619|624|1127|973|1125|861|1115|1132|1120|709|711|1117|603|1116|1130|993|1131|595|614|648|972|1123|1093|1198|1114|1122|620|746&DD=2022-05-01&RD=2022-06-30&ER=0&NN=7|8|9&AC1=2&KC1=0&IC1=0 line 457 > injectedScript, line 1: TypeError: google_tag_manager['GTM-L7NVR'].macro(...) is undefined
JavaScript warning: https://a.plerdy.com/public/js/click/main.js, line 1: unreachable code after return statement
JavaScript warning: https://a.plerdy.com/public/js/click/main.js, line 1: unreachable code after return statement
JavaScript error: https://www.fischer.cz/vysledky-vyhledavani?DS=0&TT=0&D=627|974|712|684|955|596&DD=2022-05-01&RD=2022-06-30&ER=0&NN=7|8|9&AC1=2&KC1=0&IC1=0 line 457 > injectedScript, line 1: TypeError: google_tag_manager['GTM-L7NVR'].macro(...) is undefined
JavaScript error: https://www.fischer.cz/bundles/fischer/web?v=B_pIQNeCExRI9SGdRYY2szfaqb7z_uIiHSJtdRlv3u01, line 141: TypeError: o is undefined
JavaScript warning: https://a.plerdy.com/public/js/click/main.js, line 1: unreachable code after return statement
JavaScript warning: https://a.plerdy.com/public/js/click/main.js, line 1: unreachable code after return statement
JavaScript error: https://www.fischer.cz/vysledky-vyhledavani?DS=0&TT=0&D=653|819|724&DD=2022-05-01&RD=2022-06-30&ER=0&NN=7|8|9&AC1=2&KC1=0&IC1=0 line 457 > injectedScript, line 1: TypeError: google_tag_manager['GTM-L7NVR'].macro(...) is undefined
JavaScript error: https://www.fischer.cz/bundles/fischer/web?v=B_pIQNeCExRI9SGdRYY2szfaqb7z_uIiHSJtdRlv3u01, line 141: TypeError: o is undefined
JavaScript error: https://www.fischer.cz/vysledky-vyhledavani?DS=0&TT=0&D=1111&DD=2022-05-01&RD=2022-06-30&ER=0&NN=7|8|9&AC1=2&KC1=0&IC1=0 line 457 > injectedScript, line 1: TypeError: google_tag_manager['GTM-L7NVR'].macro(...) is undefined
JavaScript error: https://www.fischer.cz/bundles/fischer/web?v=B_pIQNeCExRI9SGdRYY2szfaqb7z_uIiHSJtdRlv3u01, line 141: TypeError: o is undefined
JavaScript error: https://www.fischer.cz/vysledky-vyhledavani?DS=0&TT=0&D=756&DD=2022-05-01&RD=2022-06-30&ER=0&NN=7|8|9&AC1=2&KC1=0&IC1=0 line 457 > injectedScript, line 1: TypeError: google_tag_manager['GTM-L7NVR'].macro(...) is undefined
JavaScript error: https://www.fischer.cz/bundles/fischer/web?v=B_pIQNeCExRI9SGdRYY2szfaqb7z_uIiHSJtdRlv3u01, line 141: TypeError: o is undefined

###!!! [Child][PContentChild] Error: RunMessage(msgname=PContent::Msg_DiscardBrowsingContext) Channel closing: too late to send/recv, messages will be lost

JavaScript error: https://www.fischer.cz/vysledky-vyhledavani?DS=0&TT=0&D=634&DD=2022-05-01&RD=2022-06-30&ER=0&NN=7|8|9&AC1=2&KC1=0&IC1=0 line 457 > injectedScript, line 1: TypeError: google_tag_manager['GTM-L7NVR'].macro(...) is undefined
JavaScript error: https://www.fischer.cz/bundles/fischer/web?v=B_pIQNeCExRI9SGdRYY2szfaqb7z_uIiHSJtdRlv3u01, line 141: TypeError: o is undefined
1645832999125	Marionette	WARN	TimedPromise timed out after 500 ms: stacktrace:
TimedPromise/<@chrome://remote/content/marionette/sync.js:235:19
TimedPromise@chrome://remote/content/marionette/sync.js:220:10
interaction.flushEventLoop@chrome://remote/content/marionette/interaction.js:431:10
webdriverClickElement@chrome://remote/content/marionette/interaction.js:179:31
1645833001503	Marionette	INFO	Stopped listening on port 56641

###!!! [Child][PContentChild] Error: Send(msgname=PContent::Msg_InsertNewFocusActionId) Closed channel: cannot send/recv


###!!! [Child][PContentChild] Error: Send(msgname=PContent::Msg_RemoveDynEntriesFromActiveSessionHistoryEntry) Closed channel: cannot send/recv


###!!! [Child][PContentChild] Error: Send(msgname=PContent::Msg_SynchronizeLayoutHistoryState) Closed channel: cannot send/recv


###!!! [Child][PContentChild] Error: Send(msgname=PContent::Msg_InsertNewFocusActionId) Closed channel: cannot send/recv


###!!! [Child][PContentChild] Error: Send(msgname=PContent::Msg_RemoveDynEntriesFromActiveSessionHistoryEntry) Closed channel: cannot send/recv


###!!! [Child][PContentChild] Error: Send(msgname=PContent::Msg_SynchronizeLayoutHistoryState) Closed channel: cannot send/recv


###!!! [Child][PContentChild] Error: Send(msgname=PContent::Msg_DiscardBrowsingContext) Closed channel: cannot send/recv


###!!! [Child][PContentChild] Error: Send(msgname=PContent::Msg_DiscardBrowsingContext) Closed channel: cannot send/recv


###!!! [Child][PContentChild] Error: Send(msgname=PContent::Msg_InsertNewFocusActionId) Closed channel: cannot send/recv


###!!! [Child][PContentChild] Error: Send(msgname=PContent::Msg_InsertNewFocusActionId) Closed channel: cannot send/recv


###!!! [Child][PContentChild] Error: Send(msgname=PContent::Msg_RemoveDynEntriesFromActiveSessionHistoryEntry) Closed channel: cannot send/recv


###!!! [Child][PContentChild] Error: Send(msgname=PContent::Msg_SynchronizeLayoutHistoryState) Closed channel: cannot send/recv


###!!! [Child][PContentChild] Error: Send(msgname=PContent::Msg_DiscardBrowsingContext) Closed channel: cannot send/recv


###!!! [Child][PContentChild] Error: Send(msgname=PContent::Msg_DiscardBrowsingContext) Closed channel: cannot send/recv


###!!! [Child][PContentChild] Error: Send(msgname=PContent::Msg_InsertNewFocusActionId) Closed channel: cannot send/recv


###!!! [Child][PContentChild] Error: Send(msgname=PContent::Msg_InsertNewFocusActionId) Closed channel: cannot send/recv


###!!! [Child][PContentChild] Error: Send(msgname=PContent::Msg_RemoveDynEntriesFromActiveSessionHistoryEntry) Closed channel: cannot send/recv


###!!! [Child][PContentChild] Error: Send(msgname=PContent::Msg_SynchronizeLayoutHistoryState) Closed channel: cannot send/recv


###!!! [Child][PContentChild] Error: Send(msgname=PContent::Msg_DiscardBrowsingContext) Closed channel: cannot send/recv


###!!! [Child][PContentChild] Error: Send(msgname=PContent::Msg_DiscardBrowsingContext) Closed channel: cannot send/recv


###!!! [Child][PContentChild] Error: Send(msgname=PContent::Msg_InsertNewFocusActionId) Closed channel: cannot send/recv


###!!! [Child][PContentChild] Error: Send(msgname=PContent::Msg_RemoveDynEntriesFromActiveSessionHistoryEntry) Closed channel: cannot send/recv


###!!! [Child][PContentChild] Error: Send(msgname=PContent::Msg_SynchronizeLayoutHistoryState) Closed channel: cannot send/recv


###!!! [Child][PContentChild] Error: Send(msgname=PContent::Msg_DiscardBrowsingContext) Closed channel: cannot send/recv


###!!! [Parent][PContentParent] Error: Send(msgname=PContent::Reply_DiscardBrowsingContext) Closed channel: cannot send/recv


###!!! [Parent][PContentParent] Error: Send(msgname=PContent::Reply_DiscardBrowsingContext) Closed channel: cannot send/recv


###!!! [Parent][PContentParent] Error: Send(msgname=PContent::Reply_DiscardBrowsingContext) Closed channel: cannot send/recv


###!!! [Child][PContentChild] Error: Send(msgname=PHttpChannel::Msg_RemoveCorsPreflightCacheEntry) Channel closing: too late to send/recv, messages will be lost


###!!! [Parent][PContentParent] Error: Send(msgname=PContent::Reply_DiscardBrowsingContext) Closed channel: cannot send/recv


###!!! [Child][PContentChild] Error: Send(msgname=PHttpChannel::Msg_Cancel) Channel closing: too late to send/recv, messages will be lost


###!!! [Parent][PContentParent] Error: Send(msgname=PContent::Reply_DiscardBrowsingContext) Closed channel: cannot send/recv


###!!! [Parent][PContentParent] Error: Send(msgname=PContent::Reply_DiscardBrowsingContext) Closed channel: cannot send/recv


###!!! [Child][PContentChild] Error: Send(msgname=PHttpChannel::Msg_DeletingChannel) Channel closing: too late to send/recv, messages will be lost


###!!! [Parent][PContentParent] Error: Send(msgname=PContent::Msg_DestroyBrowsingContextGroup) Closed channel: cannot send/recv


###!!! [Child][PContentChild] Error: RunMessage(msgname=PBrowserBridge::Msg___delete__) Channel closing: too late to send/recv, messages will be lost


###!!! [Child][PContentChild] Error: RunMessage(msgname=PContent::Msg_DiscardBrowsingContext) Channel closing: too late to send/recv, messages will be lost


###!!! [Child][PContentChild] Error: RunMessage(msgname=PBrowserBridge::Msg___delete__) Channel closing: too late to send/recv, messages will be lost


###!!! [Child][PContentChild] Error: RunMessage(msgname=PContent::Msg_DiscardBrowsingContext) Channel closing: too late to send/recv, messages will be lost


###!!! [Child][PContentChild] Error: RunMessage(msgname=PContent::Msg_DiscardBrowsingContext) Channel closing: too late to send/recv, messages will be lost


###!!! [Child][PContentChild] Error: RunMessage(msgname=PBrowserBridge::Msg___delete__) Channel closing: too late to send/recv, messages will be lost


###!!! [Child][PContentChild] Error: RunMessage(msgname=PContent::Msg_DiscardBrowsingContext) Channel closing: too late to send/recv, messages will be lost


###!!! [Child][PContentChild] Error: RunMessage(msgname=PBrowserBridge::Msg___delete__) Channel closing: too late to send/recv, messages will be lost


###!!! [Child][PContentChild] Error: RunMessage(msgname=PContent::Msg_DiscardBrowsingContext) Channel closing: too late to send/recv, messages will be lost


###!!! [Child][PContentChild] Error: RunMessage(msgname=PBrowserBridge::Msg___delete__) Channel closing: too late to send/recv, messages will be lost


###!!! [Child][PContentChild] Error: RunMessage(msgname=PContent::Msg_DiscardBrowsingContext) Channel closing: too late to send/recv, messages will be lost


###!!! [Child][PContentChild] Error: RunMessage(msgname=PContent::Reply_DiscardBrowsingContext) Channel closing: too late to send/recv, messages will be lost


###!!! [Child][PContentChild] Error: RunMessage(msgname=PHttpChannel::Msg_DeleteSelf) Channel closing: too late to send/recv, messages will be lost


###!!! [Child][PContentChild] Error: RunMessage(msgname=PContent::Reply_DiscardBrowsingContext) Channel closing: too late to send/recv, messages will be lost


###!!! [Child][PContentChild] Error: RunMessage(msgname=PContent::Reply_DiscardBrowsingContext) Channel closing: too late to send/recv, messages will be lost


###!!! [Child][PContentChild] Error: Send(msgname=PContent::Msg_ScriptError) Channel closing: too late to send/recv, messages will be lost

1645833002851	geckodriver	INFO	Listening on 127.0.0.1:56865
1645833005909	mozrunner::runner	INFO	Running command: "C:\\Program Files\\Mozilla Firefox\\firefox.exe" "--marionette" "-no-remote" "-profile" "C:\\Users\\KDK\\AppData\\Local\\Temp\\rust_mozprofileTlF7yc"
1645833006307	Marionette	INFO	Marionette enabled
console.warn: SearchSettings: "get: No settings file exists, new profile?" (new NotFoundError("Could not open the file at C:\\Users\\KDK\\AppData\\Local\\Temp\\rust_mozprofileTlF7yc\\search.json.mozlz4", (void 0)))
1645833008736	Marionette	INFO	Listening on port 56874
1645833009089	RemoteAgent	WARN	TLS certificate errors will be ignored for this session
JavaScript error: https://www.fischer.cz//hledani-vysledky?q=Zanzibar line 457 > injectedScript, line 1: TypeError: google_tag_manager['GTM-L7NVR'].macro(...) is undefined
1645833014121	Marionette	INFO	Stopped listening on port 56874

###!!! [Child][PContentChild] Error: Send(msgname=PContent::Reply_DiscardBrowsingContext) Channel closing: too late to send/recv, messages will be lost


###!!! [Child][PContentChild] Error: Send(msgname=PBrowser::Msg___delete__) Channel closing: too late to send/recv, messages will be lost


###!!! [Child][PContentChild] Error: Send(msgname=PContent::Msg_ScriptError) Channel closing: too late to send/recv, messages will be lost


###!!! [Child][PContentChild] Error: RunMessage(msgname=PHttpChannel::Msg_DeleteSelf) Channel closing: too late to send/recv, messages will be lost


###!!! [Child][PContentChild] Error: RunMessage(msgname=PContent::Msg_DiscardBrowsingContext) Channel closing: too late to send/recv, messages will be lost


###!!! [Child][PContentChild] Error: RunMessage(msgname=PContent::Msg_DiscardWindowContext) Channel closing: too late to send/recv, messages will be lost


###!!! [Child][PContentChild] Error: RunMessage(msgname=PContent::Msg_DiscardWindowContext) Channel closing: too late to send/recv, messages will be lost


###!!! [Child][PContentChild] Error: RunMessage(msgname=PContent::Reply_DiscardBrowsingContext) Channel closing: too late to send/recv, messages will be lost


###!!! [Child][PContentChild] Error: RunMessage(msgname=PContent::Msg_DiscardBrowsingContext) Channel closing: too late to send/recv, messages will be lost


###!!! [Child][PContentChild] Error: RunMessage(msgname=PContent::Reply_DiscardBrowsingContext) Channel closing: too late to send/recv, messages will be lost


###!!! [Child][PContentChild] Error: RunMessage(msgname=PContent::Reply_DiscardBrowsingContext) Channel closing: too late to send/recv, messages will be lost


###!!! [Child][PContentChild] Error: RunMessage(msgname=PContent::Reply_DiscardBrowsingContext) Channel closing: too late to send/recv, messages will be lost


###!!! [Child][PContentChild] Error: RunMessage(msgname=PContent::Reply_DiscardBrowsingContext) Channel closing: too late to send/recv, messages will be lost


###!!! [Parent][PContentParent] Error: Send(msgname=PContent::Reply_DiscardBrowsingContext) Closed channel: cannot send/recv


###!!! [Child][PContentChild] Error: RunMessage(msgname=PContent::Msg_DiscardWindowContext) Channel closing: too late to send/recv, messages will be lost


###!!! [Child][PContentChild] Error: RunMessage(msgname=PContent::Msg_DiscardWindowContext) Channel closing: too late to send/recv, messages will be lost


###!!! [Parent][PContentParent] Error: Send(msgname=PContent::Msg_DestroyBrowsingContextGroup) Closed channel: cannot send/recv


###!!! [Child][PContentChild] Error: RunMessage(msgname=PContent::Reply_DiscardBrowsingContext) Channel closing: too late to send/recv, messages will be lost


###!!! [Child][PContentChild] Error: RunMessage(msgname=PContent::Msg_DiscardBrowsingContext) Channel closing: too late to send/recv, messages will be lost


###!!! [Child][PContentChild] Error: RunMessage(msgname=PContent::Reply_DiscardBrowsingContext) Channel closing: too late to send/recv, messages will be lost


###!!! [Child][PContentChild] Error: RunMessage(msgname=PContent::Reply_DiscardBrowsingContext) Channel closing: too late to send/recv, messages will be lost


###!!! [Child][PContentChild] Error: RunMessage(msgname=PContent::Reply_DiscardBrowsingContext) Channel closing: too late to send/recv, messages will be lost


###!!! [Child][PContentChild] Error: RunMessage(msgname=PContent::Reply_DiscardBrowsingContext) Channel closing: too late to send/recv, messages will be lost


###!!! [Child][PContentChild] Error: RunMessage(msgname=PContent::Msg_DiscardWindowContext) Channel closing: too late to send/recv, messages will be lost


###!!! [Child][PContentChild] Error: RunMessage(msgname=PContent::Reply_DiscardBrowsingContext) Channel closing: too late to send/recv, messages will be lost

1645833073547	geckodriver	INFO	Listening on 127.0.0.1:56987
1645833076614	mozrunner::runner	INFO	Running command: "C:\\Program Files\\Mozilla Firefox\\firefox.exe" "--marionette" "-no-remote" "-profile" "C:\\Users\\KDK\\AppData\\Local\\Temp\\rust_mozprofileAkWQHO"
1645833076966	Marionette	INFO	Marionette enabled
console.warn: SearchSettings: "get: No settings file exists, new profile?" (new NotFoundError("Could not open the file at C:\\Users\\KDK\\AppData\\Local\\Temp\\rust_mozprofileAkWQHO\\search.json.mozlz4", (void 0)))
1645833079220	Marionette	INFO	Listening on port 56996
1645833079299	RemoteAgent	WARN	TLS certificate errors will be ignored for this session
JavaScript error: https://www.fischer.cz//hledani-vysledky?q=Zanzibar line 457 > injectedScript, line 1: TypeError: google_tag_manager['GTM-L7NVR'].macro(...) is undefined
JavaScript warning: https://a.plerdy.com/public/js/click/main.js, line 1: unreachable code after return statement
JavaScript warning: https://a.plerdy.com/public/js/click/main.js, line 1: unreachable code after return statement
JavaScript error: https://www.fischer.cz//hledani-vysledky?q=%C5%98ecko line 457 > injectedScript, line 1: TypeError: google_tag_manager['GTM-L7NVR'].macro(...) is undefined
JavaScript warning: https://a.plerdy.com/public/js/click/main.js, line 1: unreachable code after return statement
JavaScript warning: https://a.plerdy.com/public/js/click/main.js, line 1: unreachable code after return statement
JavaScript error: https://www.fischer.cz//hledani-vysledky?q=Turecko line 457 > injectedScript, line 1: TypeError: google_tag_manager['GTM-L7NVR'].macro(...) is undefined
JavaScript warning: https://a.plerdy.com/public/js/click/main.js, line 1: unreachable code after return statement
JavaScript warning: https://a.plerdy.com/public/js/click/main.js, line 1: unreachable code after return statement
JavaScript error: https://www.fischer.cz//hledani-vysledky?q=Egypt line 457 > injectedScript, line 1: TypeError: google_tag_manager['GTM-L7NVR'].macro(...) is undefined
JavaScript warning: https://a.plerdy.com/public/js/click/main.js, line 1: unreachable code after return statement
JavaScript warning: https://a.plerdy.com/public/js/click/main.js, line 1: unreachable code after return statement
JavaScript error: https://www.fischer.cz//hledani-vysledky?q=Kapverdy line 457 > injectedScript, line 1: TypeError: google_tag_manager['GTM-L7NVR'].macro(...) is undefined
JavaScript error: https://www.fischer.cz//hledani-vysledky?q=Oman line 457 > injectedScript, line 1: TypeError: google_tag_manager['GTM-L7NVR'].macro(...) is undefined
JavaScript error: https://www.fischer.cz//hledani-vysledky?q=Maledivy line 457 > injectedScript, line 1: TypeError: google_tag_manager['GTM-L7NVR'].macro(...) is undefined

###!!! [Child][PContentChild] Error: RunMessage(msgname=PContent::Msg_DiscardWindowContext) Channel closing: too late to send/recv, messages will be lost


###!!! [Child][PContentChild] Error: RunMessage(msgname=PContent::Msg_DiscardWindowContext) Channel closing: too late to send/recv, messages will be lost


###!!! [Child][PContentChild] Error: RunMessage(msgname=PContent::Msg_DiscardWindowContext) Channel closing: too late to send/recv, messages will be lost

JavaScript error: https://www.fischer.cz//hledani-vysledky?q=Dubaj line 457 > injectedScript, line 1: TypeError: google_tag_manager['GTM-L7NVR'].macro(...) is undefined
JavaScript error: https://www.fischer.cz//hledani-vysledky?q=Mallorca line 457 > injectedScript, line 1: TypeError: google_tag_manager['GTM-L7NVR'].macro(...) is undefined
JavaScript error: https://www.fischer.cz//hledani-vysledky?q=Bulharsko line 457 > injectedScript, line 1: TypeError: google_tag_manager['GTM-L7NVR'].macro(...) is undefined

###!!! [Child][PContentChild] Error: Send(msgname=PContent::Reply_DiscardBrowsingContext) Channel closing: too late to send/recv, messages will be lost

JavaScript error: https://www.fischer.cz//hledani-vysledky?q=Chorvatsko line 457 > injectedScript, line 1: TypeError: google_tag_manager['GTM-L7NVR'].macro(...) is undefined
JavaScript error: https://www.fischer.cz//hledani-vysledky?q=poji%C5%A1t%C4%9Bn%C3%AD line 457 > injectedScript, line 1: TypeError: google_tag_manager['GTM-L7NVR'].macro(...) is undefined
JavaScript error: https://www.fischer.cz//hledani-vysledky?q=Funtazie line 457 > injectedScript, line 1: TypeError: google_tag_manager['GTM-L7NVR'].macro(...) is undefined
JavaScript error: https://www.fischer.cz//hledani-vysledky?q=parkov%C3%A1n%C3%AD line 457 > injectedScript, line 1: TypeError: google_tag_manager['GTM-L7NVR'].macro(...) is undefined
JavaScript error: https://www.fischer.cz//hledani-vysledky?q=covid line 457 > injectedScript, line 1: TypeError: google_tag_manager['GTM-L7NVR'].macro(...) is undefined
JavaScript error: https://www.fischer.cz//hledani-vysledky?q=Mirage%20bay line 457 > injectedScript, line 1: TypeError: google_tag_manager['GTM-L7NVR'].macro(...) is undefined

###!!! [Child][PContentChild] Error: RunMessage(msgname=PContent::Reply_DiscardBrowsingContext) Channel closing: too late to send/recv, messages will be lost


###!!! [Child][PContentChild] Error: RunMessage(msgname=PContent::Reply_DiscardBrowsingContext) Channel closing: too late to send/recv, messages will be lost


###!!! [Child][PContentChild] Error: RunMessage(msgname=PContent::Reply_DiscardBrowsingContext) Channel closing: too late to send/recv, messages will be lost


###!!! [Child][PContentChild] Error: RunMessage(msgname=PContent::Reply_DiscardBrowsingContext) Channel closing: too late to send/recv, messages will be lost


###!!! [Child][PContentChild] Error: RunMessage(msgname=PContent::Reply_DiscardBrowsingContext) Channel closing: too late to send/recv, messages will be lost


###!!! [Child][PContentChild] Error: RunMessage(msgname=PContent::Reply_DiscardBrowsingContext) Channel closing: too late to send/recv, messages will be lost

JavaScript error: https://www.fischer.cz//hledani-vysledky?q=mitsis line 457 > injectedScript, line 1: TypeError: google_tag_manager['GTM-L7NVR'].macro(...) is undefined

###!!! [Child][PContentChild] Error: RunMessage(msgname=PContent::Msg_DiscardBrowsingContext) Channel closing: too late to send/recv, messages will be lost

JavaScript error: https://www.fischer.cz//hledani-vysledky?q=Prima%20life line 457 > injectedScript, line 1: TypeError: google_tag_manager['GTM-L7NVR'].macro(...) is undefined
JavaScript error: https://www.fischer.cz//hledani-vysledky?q=Prima%20life%20makadi line 457 > injectedScript, line 1: TypeError: google_tag_manager['GTM-L7NVR'].macro(...) is undefined
JavaScript error: https://www.fischer.cz//hledani-vysledky?q=Pegasos line 457 > injectedScript, line 1: TypeError: google_tag_manager['GTM-L7NVR'].macro(...) is undefined
JavaScript error: https://www.fischer.cz//hledani-vysledky?q=Pickalbatros line 457 > injectedScript, line 1: TypeError: google_tag_manager['GTM-L7NVR'].macro(...) is undefined
JavaScript error: https://www.fischer.cz//hledani-vysledky?q=Titanic line 457 > injectedScript, line 1: TypeError: google_tag_manager['GTM-L7NVR'].macro(...) is undefined
1645833158867	Marionette	INFO	Stopped listening on port 56996

###!!! [Child][PContentChild] Error: Send(msgname=PContent::Msg_InsertNewFocusActionId) Closed channel: cannot send/recv


###!!! [Child][PContentChild] Error: Send(msgname=PContent::Msg_RemoveDynEntriesFromActiveSessionHistoryEntry) Closed channel: cannot send/recv


###!!! [Child][PContentChild] Error: Send(msgname=PContent::Msg_SynchronizeLayoutHistoryState) Closed channel: cannot send/recv


###!!! [Child][PContentChild] Error: Send(msgname=PContent::Msg_InsertNewFocusActionId) Closed channel: cannot send/recv


###!!! [Child][PContentChild] Error: Send(msgname=PContent::Msg_InsertNewFocusActionId) Closed channel: cannot send/recv


###!!! [Child][PContentChild] Error: Send(msgname=PContent::Msg_RemoveDynEntriesFromActiveSessionHistoryEntry) Closed channel: cannot send/recv


###!!! [Child][PContentChild] Error: Send(msgname=PContent::Msg_SynchronizeLayoutHistoryState) Closed channel: cannot send/recv


###!!! [Child][PContentChild] Error: Send(msgname=PContent::Msg_DiscardBrowsingContext) Closed channel: cannot send/recv


###!!! [Child][PContentChild] Error: Send(msgname=PContent::Msg_DiscardBrowsingContext) Closed channel: cannot send/recv


###!!! [Child][PContentChild] Error: Send(msgname=PContent::Msg_DiscardBrowsingContext) Closed channel: cannot send/recv


###!!! [Child][PContentChild] Error: Send(msgname=PContent::Msg_InsertNewFocusActionId) Closed channel: cannot send/recv


###!!! [Child][PContentChild] Error: Send(msgname=PContent::Msg_InsertNewFocusActionId) Closed channel: cannot send/recv


###!!! [Child][PContentChild] Error: Send(msgname=PContent::Msg_RemoveDynEntriesFromActiveSessionHistoryEntry) Closed channel: cannot send/recv


###!!! [Child][PContentChild] Error: Send(msgname=PContent::Msg_SynchronizeLayoutHistoryState) Closed channel: cannot send/recv


###!!! [Child][PContentChild] Error: Send(msgname=PContent::Msg_DiscardBrowsingContext) Closed channel: cannot send/recv


###!!! [Child][PContentChild] Error: Send(msgname=PContent::Msg_DiscardBrowsingContext) Closed channel: cannot send/recv


###!!! [Child][PContentChild] Error: Send(msgname=PContent::Msg_InsertNewFocusActionId) Closed channel: cannot send/recv


###!!! [Child][PContentChild] Error: Send(msgname=PContent::Msg_InsertNewFocusActionId) Closed channel: cannot send/recv


###!!! [Child][PContentChild] Error: Send(msgname=PContent::Msg_RemoveDynEntriesFromActiveSessionHistoryEntry) Closed channel: cannot send/recv


###!!! [Child][PContentChild] Error: Send(msgname=PContent::Msg_RemoveDynEntriesFromActiveSessionHistoryEntry) Closed channel: cannot send/recv


###!!! [Child][PContentChild] Error: Send(msgname=PContent::Msg_SynchronizeLayoutHistoryState) Closed channel: cannot send/recv


###!!! [Child][PContentChild] Error: Send(msgname=PContent::Msg_SynchronizeLayoutHistoryState) Closed channel: cannot send/recv


###!!! [Child][PContentChild] Error: Send(msgname=PContent::Msg_DiscardBrowsingContext) Closed channel: cannot send/recv


###!!! [Child][PContentChild] Error: Send(msgname=PContent::Msg_DiscardBrowsingContext) Closed channel: cannot send/recv


###!!! [Parent][PContentParent] Error: Send(msgname=PContent::Reply_DiscardBrowsingContext) Closed channel: cannot send/recv


###!!! [Parent][PContentParent] Error: Send(msgname=PContent::Reply_DiscardBrowsingContext) Closed channel: cannot send/recv


###!!! [Parent][PContentParent] Error: Send(msgname=PContent::Reply_DiscardBrowsingContext) Closed channel: cannot send/recv


###!!! [Parent][PContentParent] Error: Send(msgname=PContent::Reply_DiscardBrowsingContext) Closed channel: cannot send/recv


###!!! [Parent][PContentParent] Error: Send(msgname=PContent::Reply_DiscardBrowsingContext) Closed channel: cannot send/recv


###!!! [Parent][PContentParent] Error: Send(msgname=PContent::Reply_DiscardBrowsingContext) Closed channel: cannot send/recv


###!!! [Child][PContentChild] Error: Send(msgname=PContent::Msg_ScriptError) Channel closing: too late to send/recv, messages will be lost


###!!! [Child][PContentChild] Error: RunMessage(msgname=PHttpChannel::Msg_FailedAsyncOpen) Channel closing: too late to send/recv, messages will be lost


###!!! [Child][PContentChild] Error: RunMessage(msgname=PHttpChannel::Msg_FailedAsyncOpen) Channel closing: too late to send/recv, messages will be lost


###!!! [Child][PContentChild] Error: RunMessage(msgname=PHttpChannel::Msg_FailedAsyncOpen) Channel closing: too late to send/recv, messages will be lost


###!!! [Child][PContentChild] Error: RunMessage(msgname=PHttpChannel::Msg_FailedAsyncOpen) Channel closing: too late to send/recv, messages will be lost


###!!! [Child][PContentChild] Error: RunMessage(msgname=PBrowserBridge::Msg___delete__) Channel closing: too late to send/recv, messages will be lost


###!!! [Child][PContentChild] Error: RunMessage(msgname=PContent::Msg_DiscardBrowsingContext) Channel closing: too late to send/recv, messages will be lost


###!!! [Parent][PContentParent] Error: Send(msgname=PContent::Msg_DestroyBrowsingContextGroup) Closed channel: cannot send/recv


###!!! [Child][PContentChild] Error: RunMessage(msgname=PBrowserBridge::Msg___delete__) Channel closing: too late to send/recv, messages will be lost


###!!! [Child][PContentChild] Error: RunMessage(msgname=PContent::Msg_DiscardBrowsingContext) Channel closing: too late to send/recv, messages will be lost


###!!! [Child][PContentChild] Error: RunMessage(msgname=PContent::Msg_DiscardBrowsingContext) Channel closing: too late to send/recv, messages will be lost


###!!! [Child][PContentChild] Error: RunMessage(msgname=PBrowserBridge::Msg___delete__) Channel closing: too late to send/recv, messages will be lost


###!!! [Child][PContentChild] Error: RunMessage(msgname=PContent::Msg_DiscardBrowsingContext) Channel closing: too late to send/recv, messages will be lost


###!!! [Child][PContentChild] Error: RunMessage(msgname=PBrowserBridge::Msg___delete__) Channel closing: too late to send/recv, messages will be lost


###!!! [Child][PContentChild] Error: RunMessage(msgname=PContent::Msg_DiscardBrowsingContext) Channel closing: too late to send/recv, messages will be lost


###!!! [Child][PContentChild] Error: RunMessage(msgname=PBrowserBridge::Msg___delete__) Channel closing: too late to send/recv, messages will be lost


###!!! [Child][PContentChild] Error: RunMessage(msgname=PContent::Msg_DiscardBrowsingContext) Channel closing: too late to send/recv, messages will be lost


###!!! [Child][PContentChild] Error: RunMessage(msgname=PContent::Reply_DiscardBrowsingContext) Channel closing: too late to send/recv, messages will be lost

1645833413022	geckodriver	INFO	Listening on 127.0.0.1:57611
1645833416089	mozrunner::runner	INFO	Running command: "C:\\Program Files\\Mozilla Firefox\\firefox.exe" "--marionette" "-no-remote" "-profile" "C:\\Users\\KDK\\AppData\\Local\\Temp\\rust_mozprofileJDd0gs"
1645833416472	Marionette	INFO	Marionette enabled
console.warn: SearchSettings: "get: No settings file exists, new profile?" (new NotFoundError("Could not open the file at C:\\Users\\KDK\\AppData\\Local\\Temp\\rust_mozprofileJDd0gs\\search.json.mozlz4", (void 0)))
1645833418946	Marionette	INFO	Listening on port 57620
1645833419284	RemoteAgent	WARN	TLS certificate errors will be ignored for this session
1645833429185	Marionette	INFO	Stopped listening on port 57620

###!!! [Child][PContentChild] Error: Send(msgname=PContent::Msg_InsertNewFocusActionId) Closed channel: cannot send/recv


###!!! [Child][PContentChild] Error: Send(msgname=PContent::Msg_RemoveDynEntriesFromActiveSessionHistoryEntry) Closed channel: cannot send/recv


###!!! [Child][PContentChild] Error: Send(msgname=PContent::Msg_SynchronizeLayoutHistoryState) Closed channel: cannot send/recv


###!!! [Child][PContentChild] Error: Send(msgname=PContent::Msg_DiscardBrowsingContext) Closed channel: cannot send/recv


###!!! [Child][PContentChild] Error: Send(msgname=PContent::Msg_InsertNewFocusActionId) Closed channel: cannot send/recv


###!!! [Child][PContentChild] Error: Send(msgname=PContent::Msg_InsertNewFocusActionId) Closed channel: cannot send/recv


###!!! [Child][PContentChild] Error: Send(msgname=PContent::Msg_RemoveDynEntriesFromActiveSessionHistoryEntry) Closed channel: cannot send/recv


###!!! [Child][PContentChild] Error: Send(msgname=PContent::Msg_SynchronizeLayoutHistoryState) Closed channel: cannot send/recv


###!!! [Child][PContentChild] Error: Send(msgname=PContent::Msg_DiscardBrowsingContext) Closed channel: cannot send/recv


###!!! [Child][PContentChild] Error: Send(msgname=PContent::Msg_DiscardBrowsingContext) Closed channel: cannot send/recv


###!!! [Parent][PContentParent] Error: Send(msgname=PContent::Reply_DiscardBrowsingContext) Closed channel: cannot send/recv


###!!! [Parent][PContentParent] Error: Send(msgname=PContent::Reply_DiscardBrowsingContext) Closed channel: cannot send/recv


###!!! [Parent][PContentParent] Error: Send(msgname=PContent::Reply_DiscardBrowsingContext) Closed channel: cannot send/recv


###!!! [Child][PContentChild] Error: RunMessage(msgname=PContent::Msg_DiscardWindowContext) Channel closing: too late to send/recv, messages will be lost


###!!! [Child][PContentChild] Error: RunMessage(msgname=PContent::Msg_DiscardWindowContext) Channel closing: too late to send/recv, messages will be lost


###!!! [Child][PContentChild] Error: RunMessage(msgname=PContent::Msg_DiscardBrowsingContext) Channel closing: too late to send/recv, messages will be lost


###!!! [Child][PContentChild] Error: RunMessage(msgname=PContent::Msg_ScriptError) Channel closing: too late to send/recv, messages will be lost


###!!! [Parent][PContentParent] Error: Send(msgname=PContent::Msg_DestroyBrowsingContextGroup) Closed channel: cannot send/recv


###!!! [Child][PContentChild] Error: Send(msgname=PHttpChannel::Msg_RemoveCorsPreflightCacheEntry) Channel closing: too late to send/recv, messages will be lost


###!!! [Child][PContentChild] Error: Send(msgname=PHttpChannel::Msg_DeletingChannel) Channel closing: too late to send/recv, messages will be lost


###!!! [Child][PContentChild] Error: RunMessage(msgname=PBrowserBridge::Msg___delete__) Channel closing: too late to send/recv, messages will be lost


###!!! [Child][PContentChild] Error: RunMessage(msgname=PContent::Msg_DiscardBrowsingContext) Channel closing: too late to send/recv, messages will be lost


###!!! [Child][PContentChild] Error: RunMessage(msgname=PBrowserBridge::Msg___delete__) Channel closing: too late to send/recv, messages will be lost


###!!! [Child][PContentChild] Error: RunMessage(msgname=PContent::Msg_DiscardBrowsingContext) Channel closing: too late to send/recv, messages will be lost


###!!! [Child][PContentChild] Error: RunMessage(msgname=PContent::Msg_DiscardBrowsingContext) Channel closing: too late to send/recv, messages will be lost


###!!! [Child][PContentChild] Error: RunMessage(msgname=PContent::Reply_DiscardBrowsingContext) Channel closing: too late to send/recv, messages will be lost


###!!! [Child][PContentChild] Error: Send(msgname=PContent::Msg_ScriptError) Channel closing: too late to send/recv, messages will be lost


###!!! [Child][PContentChild] Error: RunMessage(msgname=PHttpChannel::Msg_DeleteSelf) Channel closing: too late to send/recv, messages will be lost


###!!! [Child][PContentChild] Error: Send(msgname=PContent::Msg_ScriptError) Channel closing: too late to send/recv, messages will be lost


###!!! [Child][PContentChild] Error: RunMessage(msgname=PHttpChannel::Msg_DeleteSelf) Channel closing: too late to send/recv, messages will be lost


###!!! [Child][PContentChild] Error: Send(msgname=PContent::Msg_ScriptError) Channel closing: too late to send/recv, messages will be lost


###!!! [Child][PContentChild] Error: RunMessage(msgname=PHttpChannel::Msg_DeleteSelf) Channel closing: too late to send/recv, messages will be lost


###!!! [Child][PContentChild] Error: RunMessage(msgname=PHttpChannel::Msg_DeleteSelf) Channel closing: too late to send/recv, messages will be lost


###!!! [Child][PContentChild] Error: RunMessage(msgname=PHttpChannel::Msg_DeleteSelf) Channel closing: too late to send/recv, messages will be lost


###!!! [Child][PContentChild] Error: RunMessage(msgname=PHttpChannel::Msg_DeleteSelf) Channel closing: too late to send/recv, messages will be lost

1645833430508	geckodriver	INFO	Listening on 127.0.0.1:57715
1645833433550	mozrunner::runner	INFO	Running command: "C:\\Program Files\\Mozilla Firefox\\firefox.exe" "--marionette" "-no-remote" "-profile" "C:\\Users\\KDK\\AppData\\Local\\Temp\\rust_mozprofileeKT7py"
1645833433936	Marionette	INFO	Marionette enabled
console.warn: SearchSettings: "get: No settings file exists, new profile?" (new NotFoundError("Could not open the file at C:\\Users\\KDK\\AppData\\Local\\Temp\\rust_mozprofileeKT7py\\search.json.mozlz4", (void 0)))
1645833435943	Marionette	INFO	Listening on port 57724
1645833436245	RemoteAgent	WARN	TLS certificate errors will be ignored for this session
1645833440785	Marionette	INFO	Stopped listening on port 57724

###!!! [Child][PContentChild] Error: Send(msgname=PContent::Msg_InsertNewFocusActionId) Closed channel: cannot send/recv


###!!! [Child][PContentChild] Error: Send(msgname=PContent::Msg_RemoveDynEntriesFromActiveSessionHistoryEntry) Closed channel: cannot send/recv


###!!! [Child][PContentChild] Error: Send(msgname=PContent::Msg_SynchronizeLayoutHistoryState) Closed channel: cannot send/recv


###!!! [Child][PContentChild] Error: Send(msgname=PContent::Msg_DiscardBrowsingContext) Closed channel: cannot send/recv


###!!! [Child][PContentChild] Error: Send(msgname=PContent::Msg_InsertNewFocusActionId) Closed channel: cannot send/recv


###!!! [Child][PContentChild] Error: Send(msgname=PContent::Msg_InsertNewFocusActionId) Closed channel: cannot send/recv


###!!! [Child][PContentChild] Error: Send(msgname=PContent::Msg_RemoveDynEntriesFromActiveSessionHistoryEntry) Closed channel: cannot send/recv


###!!! [Child][PContentChild] Error: Send(msgname=PContent::Msg_SynchronizeLayoutHistoryState) Closed channel: cannot send/recv


###!!! [Child][PContentChild] Error: Send(msgname=PContent::Msg_DiscardBrowsingContext) Closed channel: cannot send/recv


###!!! [Child][PContentChild] Error: Send(msgname=PContent::Msg_DiscardBrowsingContext) Closed channel: cannot send/recv

JavaScript error: resource://gre/modules/Sqlite.jsm, line 1105: Error: Sqlite.jsm has been shutdown. Cannot open connection to: C:\Users\KDK\AppData\Local\Temp\rust_mozprofileeKT7py\protections.sqlite

###!!! [Parent][PContentParent] Error: Send(msgname=PContent::Reply_DiscardBrowsingContext) Closed channel: cannot send/recv


###!!! [Parent][PContentParent] Error: Send(msgname=PContent::Reply_DiscardBrowsingContext) Closed channel: cannot send/recv


###!!! [Parent][PContentParent] Error: Send(msgname=PContent::Reply_DiscardBrowsingContext) Closed channel: cannot send/recv


###!!! [Child][PContentChild] Error: RunMessage(msgname=PContent::Msg_DiscardWindowContext) Channel closing: too late to send/recv, messages will be lost


###!!! [Child][PContentChild] Error: RunMessage(msgname=PContent::Msg_DiscardWindowContext) Channel closing: too late to send/recv, messages will be lost


###!!! [Child][PContentChild] Error: RunMessage(msgname=PContent::Msg_DiscardBrowsingContext) Channel closing: too late to send/recv, messages will be lost


###!!! [Child][PContentChild] Error: RunMessage(msgname=PBrowserBridge::Msg___delete__) Channel closing: too late to send/recv, messages will be lost


###!!! [Child][PContentChild] Error: RunMessage(msgname=PContent::Msg_DiscardBrowsingContext) Channel closing: too late to send/recv, messages will be lost


###!!! [Child][PContentChild] Error: RunMessage(msgname=PBrowserBridge::Msg___delete__) Channel closing: too late to send/recv, messages will be lost


###!!! [Child][PContentChild] Error: RunMessage(msgname=PContent::Msg_DiscardBrowsingContext) Channel closing: too late to send/recv, messages will be lost


###!!! [Parent][PContentParent] Error: Send(msgname=PContent::Msg_DestroyBrowsingContextGroup) Closed channel: cannot send/recv


###!!! [Child][PContentChild] Error: RunMessage(msgname=PContent::Msg_DiscardBrowsingContext) Channel closing: too late to send/recv, messages will be lost


###!!! [Child][PContentChild] Error: Send(msgname=PContent::Msg_ScriptError) Channel closing: too late to send/recv, messages will be lost


###!!! [Child][PContentChild] Error: RunMessage(msgname=PContent::Reply_DiscardBrowsingContext) Channel closing: too late to send/recv, messages will be lost


###!!! [Child][PContentChild] Error: RunMessage(msgname=PHttpChannel::Msg_DeleteSelf) Channel closing: too late to send/recv, messages will be lost


###!!! [Child][PContentChild] Error: RunMessage(msgname=PHttpChannel::Msg_DeleteSelf) Channel closing: too late to send/recv, messages will be lost


###!!! [Child][PContentChild] Error: RunMessage(msgname=PHttpChannel::Msg_DeleteSelf) Channel closing: too late to send/recv, messages will be lost


###!!! [Child][PContentChild] Error: RunMessage(msgname=PHttpChannel::Msg_DeleteSelf) Channel closing: too late to send/recv, messages will be lost


###!!! [Child][PContentChild] Error: Send(msgname=PContent::Msg_ScriptError) Channel closing: too late to send/recv, messages will be lost


###!!! [Child][PContentChild] Error: Send(msgname=PContent::Msg_ScriptError) Channel closing: too late to send/recv, messages will be lost


###!!! [Child][PContentChild] Error: RunMessage(msgname=PHttpChannel::Msg_DeleteSelf) Channel closing: too late to send/recv, messages will be lost


###!!! [Child][PContentChild] Error: RunMessage(msgname=PHttpChannel::Msg_DeleteSelf) Channel closing: too late to send/recv, messages will be lost


###!!! [Child][PContentChild] Error: RunMessage(msgname=PHttpChannel::Msg_DeleteSelf) Channel closing: too late to send/recv, messages will be lost


###!!! [Child][PContentChild] Error: RunMessage(msgname=PHttpChannel::Msg_DeleteSelf) Channel closing: too late to send/recv, messages will be lost


###!!! [Child][PContentChild] Error: RunMessage(msgname=PHttpChannel::Msg_DeleteSelf) Channel closing: too late to send/recv, messages will be lost

